0 info it worked if it ends with ok
1 verbose cli [ '/Users/Zeus_Yousif/.nvm/versions/node/v5.10.1/bin/node',
1 verbose cli   '/Users/Zeus_Yousif/.nvm/versions/node/v5.10.1/bin/npm',
1 verbose cli   'start' ]
2 info using npm@3.8.3
3 info using node@v5.10.1
4 verbose config Skipping project config: /Users/Zeus_Yousif/.npmrc. (matches userconfig)
5 verbose stack Error: ENOENT: no such file or directory, open '/Users/Zeus_Yousif/package.json'
5 verbose stack     at Error (native)
6 verbose cwd /Users/Zeus_Yousif/Desktop/Express_Gen
7 error Darwin 15.6.0
8 error argv "/Users/Zeus_Yousif/.nvm/versions/node/v5.10.1/bin/node" "/Users/Zeus_Yousif/.nvm/versions/node/v5.10.1/bin/npm" "start"
9 error node v5.10.1
10 error npm  v3.8.3
11 error path /Users/Zeus_Yousif/package.json
12 error code ENOENT
13 error errno -2
14 error syscall open
15 error enoent ENOENT: no such file or directory, open '/Users/Zeus_Yousif/package.json'
16 error enoent ENOENT: no such file or directory, open '/Users/Zeus_Yousif/package.json'
16 error enoent This is most likely not a problem with npm itself
16 error enoent and is related to npm not being able to find a file.
17 verbose exit [ -2, true ]
